c:\users\whyseesong\desktop\graph_v014\graph_simulation\x64\debug\vc140.pdb
c:\users\whyseesong\desktop\graph_v014\graph_simulation\x64\debug\user_vertex_weight.obj
c:\users\whyseesong\desktop\graph_v014\graph_simulation\x64\debug\top_k_window.obj
c:\users\whyseesong\desktop\graph_v014\graph_simulation\x64\debug\search_two_window.obj
c:\users\whyseesong\desktop\graph_v014\graph_simulation\x64\debug\search_one_window.obj
c:\users\whyseesong\desktop\graph_v014\graph_simulation\x64\debug\printgraph.obj
c:\users\whyseesong\desktop\graph_v014\graph_simulation\x64\debug\nodeitem.obj
c:\users\whyseesong\desktop\graph_v014\graph_simulation\x64\debug\main.obj
c:\users\whyseesong\desktop\graph_v014\graph_simulation\x64\debug\loadwindow.obj
c:\users\whyseesong\desktop\graph_v014\graph_simulation\x64\debug\graph_simulation.obj
c:\users\whyseesong\desktop\graph_v014\graph_simulation\x64\debug\graphicsview.obj
c:\users\whyseesong\desktop\graph_v014\graph_simulation\x64\debug\moc_top_k_window.obj
c:\users\whyseesong\desktop\graph_v014\graph_simulation\x64\debug\moc_search_two_window.obj
c:\users\whyseesong\desktop\graph_v014\graph_simulation\x64\debug\moc_search_one_window.obj
c:\users\whyseesong\desktop\graph_v014\graph_simulation\x64\debug\moc_loadwindow.obj
c:\users\whyseesong\desktop\graph_v014\graph_simulation\x64\debug\moc_graph_simulation.obj
c:\users\whyseesong\desktop\graph_v014\graph_simulation\x64\debug\moc_graphicsview.obj
c:\users\whyseesong\desktop\graph_v014\graph_simulation\x64\debug\moc_animation_window.obj
c:\users\whyseesong\desktop\graph_v014\graph_simulation\x64\debug\animation_window.obj
c:\users\whyseesong\desktop\graph_v014\graph_simulation\x64\debug\qrc_graph_simulation.obj
c:\users\whyseesong\desktop\graph_v014\graph_simulation\generatedfiles\debug\moc_animation_window.cpp
c:\users\whyseesong\desktop\graph_v014\graph_simulation\generatedfiles\debug\moc_graphicsview.cpp
c:\users\whyseesong\desktop\graph_v014\graph_simulation\generatedfiles\debug\moc_search_two_window.cpp
c:\users\whyseesong\desktop\graph_v014\graph_simulation\generatedfiles\debug\moc_search_one_window.cpp
c:\users\whyseesong\desktop\graph_v014\graph_simulation\generatedfiles\debug\moc_top_k_window.cpp
c:\users\whyseesong\desktop\graph_v014\graph_simulation\generatedfiles\debug\moc_loadwindow.cpp
c:\users\whyseesong\desktop\graph_v014\graph_simulation\generatedfiles\qrc_graph_simulation.cpp
c:\users\whyseesong\desktop\graph_v014\graph_simulation\generatedfiles\ui_graph_simulation.h
c:\users\whyseesong\desktop\graph_v014\graph_simulation\generatedfiles\debug\moc_graph_simulation.cpp
c:\users\whyseesong\desktop\graph_v014\x64\debug\graph_simulation.ilk
c:\users\whyseesong\desktop\graph_v014\x64\debug\graph_simulation.exe
c:\users\whyseesong\desktop\graph_v014\x64\debug\graph_simulation.pdb
c:\users\오영택\desktop\graph_v014\graph_simulation\x64\debug\animation_window.obj
c:\users\오영택\desktop\graph_v014\graph_simulation\x64\debug\graphicsview.obj
c:\users\오영택\desktop\graph_v014\graph_simulation\x64\debug\graph_simulation.obj
c:\users\오영택\desktop\graph_v014\graph_simulation\x64\debug\loadwindow.obj
c:\users\오영택\desktop\graph_v014\graph_simulation\x64\debug\main.obj
c:\users\오영택\desktop\graph_v014\graph_simulation\x64\debug\moc_animation_window.obj
c:\users\오영택\desktop\graph_v014\graph_simulation\x64\debug\moc_graphicsview.obj
c:\users\오영택\desktop\graph_v014\graph_simulation\x64\debug\moc_graph_simulation.obj
c:\users\오영택\desktop\graph_v014\graph_simulation\x64\debug\moc_loadwindow.obj
c:\users\오영택\desktop\graph_v014\graph_simulation\x64\debug\moc_search_one_window.obj
c:\users\오영택\desktop\graph_v014\graph_simulation\x64\debug\moc_search_two_window.obj
c:\users\오영택\desktop\graph_v014\graph_simulation\x64\debug\moc_top_k_window.obj
c:\users\오영택\desktop\graph_v014\graph_simulation\x64\debug\nodeitem.obj
c:\users\오영택\desktop\graph_v014\graph_simulation\x64\debug\printgraph.obj
c:\users\오영택\desktop\graph_v014\graph_simulation\x64\debug\qrc_graph_simulation.obj
c:\users\오영택\desktop\graph_v014\graph_simulation\x64\debug\search_one_window.obj
c:\users\오영택\desktop\graph_v014\graph_simulation\x64\debug\search_two_window.obj
c:\users\오영택\desktop\graph_v014\graph_simulation\x64\debug\top_k_window.obj
c:\users\오영택\desktop\graph_v014\graph_simulation\x64\debug\user_vertex_weight.obj
c:\users\오영택\desktop\graph_v014\graph_simulation\x64\debug\vc140.pdb
c:\users\오영택\desktop\graph_v014\x64\debug\graph_simulation.pdb
c:\users\오영택\desktop\graph_v014\x64\debug\graph_simulation.exe
c:\users\오영택\desktop\graph_v014\x64\debug\graph_simulation.ilk
c:\users\오영택\desktop\graph_v014\graph_simulation\x64\debug\graph_simulation.tlog\cl.command.1.tlog
c:\users\오영택\desktop\graph_v014\graph_simulation\x64\debug\graph_simulation.tlog\cl.read.1.tlog
c:\users\오영택\desktop\graph_v014\graph_simulation\x64\debug\graph_simulation.tlog\cl.write.1.tlog
c:\users\오영택\desktop\graph_v014\graph_simulation\x64\debug\graph_simulation.tlog\custombuild.command.1.tlog
c:\users\오영택\desktop\graph_v014\graph_simulation\x64\debug\graph_simulation.tlog\custombuild.read.1.tlog
c:\users\오영택\desktop\graph_v014\graph_simulation\x64\debug\graph_simulation.tlog\custombuild.write.1.tlog
c:\users\오영택\desktop\graph_v014\graph_simulation\x64\debug\graph_simulation.tlog\link.command.1.tlog
c:\users\오영택\desktop\graph_v014\graph_simulation\x64\debug\graph_simulation.tlog\link.read.1.tlog
c:\users\오영택\desktop\graph_v014\graph_simulation\x64\debug\graph_simulation.tlog\link.write.1.tlog
